*** Starting uWSGI 2.0.14 (64bit) on [Mon Apr 16 14:56:32 2018] ***
compiled with version: 5.4.0 20160609 on 25 March 2017 22:45:40
os: Linux-4.4.0-119-generic #143-Ubuntu SMP Mon Apr 2 16:08:24 UTC 2018
nodename: host1
machine: x86_64
clock source: unix
pcre jit disabled
detected number of CPU cores: 1
current working directory: /home/zsq/myblog
detected binary path: /usr/local/bin/uwsgi
uWSGI running as root, you can use --uid/--gid/--chroot options
*** WARNING: you are running uWSGI as root !!! (use the --uid flag) *** 
chdir() to /home/zsq/myblog
*** WARNING: you are running uWSGI without its master process manager ***
your processes number limit is 3809
your memory page size is 4096 bytes
detected max file descriptor number: 65535
lock engine: pthread robust mutexes
thunder lock: disabled (you can enable it with --thunder-lock)
uwsgi socket 0 bound to TCP address :127.0.0.1:8077 fd 3
Python version: 2.7.12 (default, Nov 20 2017, 18:23:56)  [GCC 5.4.0 20160609]
Python main interpreter initialized at 0x1023180
python threads support enabled
your server socket listen backlog is limited to 100 connections
your mercy for graceful operations on workers is 60 seconds
mapped 103648 bytes (101 KB) for 4 cores
*** Operational MODE: threaded ***
WSGI app 0 (mountpoint='') ready in 0 seconds on interpreter 0x1023180 pid: 6763 (default app)
*** uWSGI is running in multiple interpreter mode ***
spawned uWSGI worker 1 (and the only) (pid: 6763, cores: 4)
*** Starting uWSGI 2.0.14 (64bit) on [Mon Apr 16 15:03:59 2018] ***
compiled with version: 5.4.0 20160609 on 25 March 2017 22:45:40
os: Linux-4.4.0-119-generic #143-Ubuntu SMP Mon Apr 2 16:08:24 UTC 2018
nodename: host1
machine: x86_64
clock source: unix
pcre jit disabled
detected number of CPU cores: 1
current working directory: /home/zsq/myblog
detected binary path: /usr/local/bin/uwsgi
uWSGI running as root, you can use --uid/--gid/--chroot options
*** WARNING: you are running uWSGI as root !!! (use the --uid flag) *** 
chdir() to /home/zsq/myblog
*** WARNING: you are running uWSGI without its master process manager ***
your processes number limit is 3809
your memory page size is 4096 bytes
detected max file descriptor number: 65535
lock engine: pthread robust mutexes
thunder lock: disabled (you can enable it with --thunder-lock)
uwsgi socket 0 bound to TCP address :127.0.0.1:8077 fd 3
Python version: 2.7.12 (default, Nov 20 2017, 18:23:56)  [GCC 5.4.0 20160609]
Python main interpreter initialized at 0x89a180
python threads support enabled
your server socket listen backlog is limited to 100 connections
your mercy for graceful operations on workers is 60 seconds
mapped 103648 bytes (101 KB) for 4 cores
*** Operational MODE: threaded ***
WSGI app 0 (mountpoint='') ready in 1 seconds on interpreter 0x89a180 pid: 6896 (default app)
*** uWSGI is running in multiple interpreter mode ***
spawned uWSGI worker 1 (and the only) (pid: 6896, cores: 4)
*** Starting uWSGI 2.0.14 (64bit) on [Mon Apr 16 15:07:59 2018] ***
compiled with version: 5.4.0 20160609 on 25 March 2017 22:45:40
os: Linux-4.4.0-119-generic #143-Ubuntu SMP Mon Apr 2 16:08:24 UTC 2018
nodename: host1
machine: x86_64
clock source: unix
pcre jit disabled
detected number of CPU cores: 1
current working directory: /home/zsq/myblog
detected binary path: /usr/local/bin/uwsgi
uWSGI running as root, you can use --uid/--gid/--chroot options
*** WARNING: you are running uWSGI as root !!! (use the --uid flag) *** 
chdir() to /home/zsq/myblog
*** WARNING: you are running uWSGI without its master process manager ***
your processes number limit is 3809
your memory page size is 4096 bytes
detected max file descriptor number: 65535
lock engine: pthread robust mutexes
thunder lock: disabled (you can enable it with --thunder-lock)
uwsgi socket 0 bound to TCP address 127.0.0.1:8077 fd 3
Python version: 2.7.12 (default, Nov 20 2017, 18:23:56)  [GCC 5.4.0 20160609]
Python main interpreter initialized at 0xf7f180
python threads support enabled
your server socket listen backlog is limited to 100 connections
your mercy for graceful operations on workers is 60 seconds
mapped 103648 bytes (101 KB) for 4 cores
*** Operational MODE: threaded ***
WSGI app 0 (mountpoint='') ready in 0 seconds on interpreter 0xf7f180 pid: 7075 (default app)
*** uWSGI is running in multiple interpreter mode ***
spawned uWSGI worker 1 (and the only) (pid: 7075, cores: 4)
*** Starting uWSGI 2.0.14 (64bit) on [Mon Apr 16 15:11:35 2018] ***
compiled with version: 5.4.0 20160609 on 25 March 2017 22:45:40
os: Linux-4.4.0-119-generic #143-Ubuntu SMP Mon Apr 2 16:08:24 UTC 2018
nodename: host1
machine: x86_64
clock source: unix
pcre jit disabled
detected number of CPU cores: 1
current working directory: /home/zsq/myblog
detected binary path: /usr/local/bin/uwsgi
uWSGI running as root, you can use --uid/--gid/--chroot options
*** WARNING: you are running uWSGI as root !!! (use the --uid flag) *** 
chdir() to /home/zsq/myblog
*** WARNING: you are running uWSGI without its master process manager ***
your processes number limit is 3809
your memory page size is 4096 bytes
detected max file descriptor number: 65535
lock engine: pthread robust mutexes
thunder lock: disabled (you can enable it with --thunder-lock)
uwsgi socket 0 bound to TCP address :8077 fd 3
Python version: 2.7.12 (default, Nov 20 2017, 18:23:56)  [GCC 5.4.0 20160609]
Python main interpreter initialized at 0x12b3d70
python threads support enabled
your server socket listen backlog is limited to 100 connections
your mercy for graceful operations on workers is 60 seconds
mapped 103648 bytes (101 KB) for 4 cores
*** Operational MODE: threaded ***
WSGI app 0 (mountpoint='') ready in 1 seconds on interpreter 0x12b3d70 pid: 7147 (default app)
*** uWSGI is running in multiple interpreter mode ***
spawned uWSGI worker 1 (and the only) (pid: 7147, cores: 4)
*** Starting uWSGI 2.0.14 (64bit) on [Mon Apr 16 15:21:22 2018] ***
compiled with version: 5.4.0 20160609 on 25 March 2017 22:45:40
os: Linux-4.4.0-119-generic #143-Ubuntu SMP Mon Apr 2 16:08:24 UTC 2018
nodename: host1
machine: x86_64
clock source: unix
pcre jit disabled
detected number of CPU cores: 1
current working directory: /home/zsq/myblog
detected binary path: /usr/local/bin/uwsgi
uWSGI running as root, you can use --uid/--gid/--chroot options
*** WARNING: you are running uWSGI as root !!! (use the --uid flag) *** 
chdir() to /home/zsq/myblog
*** WARNING: you are running uWSGI without its master process manager ***
your processes number limit is 3809
your memory page size is 4096 bytes
detected max file descriptor number: 65535
lock engine: pthread robust mutexes
thunder lock: disabled (you can enable it with --thunder-lock)
uwsgi socket 0 bound to TCP address 127.0.0.1:8077 fd 3
Python version: 2.7.12 (default, Nov 20 2017, 18:23:56)  [GCC 5.4.0 20160609]
Python main interpreter initialized at 0x252d130
python threads support enabled
your server socket listen backlog is limited to 100 connections
your mercy for graceful operations on workers is 60 seconds
mapped 103648 bytes (101 KB) for 4 cores
*** Operational MODE: threaded ***
WSGI app 0 (mountpoint='') ready in 1 seconds on interpreter 0x252d130 pid: 7197 (default app)
*** uWSGI is running in multiple interpreter mode ***
spawned uWSGI worker 1 (and the only) (pid: 7197, cores: 4)
*** Starting uWSGI 2.0.14 (64bit) on [Mon Apr 16 15:31:17 2018] ***
compiled with version: 5.4.0 20160609 on 25 March 2017 22:45:40
os: Linux-4.4.0-119-generic #143-Ubuntu SMP Mon Apr 2 16:08:24 UTC 2018
nodename: host1
machine: x86_64
clock source: unix
pcre jit disabled
detected number of CPU cores: 1
current working directory: /home/zsq/myblog
detected binary path: /usr/local/bin/uwsgi
uWSGI running as root, you can use --uid/--gid/--chroot options
*** WARNING: you are running uWSGI as root !!! (use the --uid flag) *** 
chdir() to /home/zsq/myblog
*** WARNING: you are running uWSGI without its master process manager ***
your processes number limit is 3809
your memory page size is 4096 bytes
detected max file descriptor number: 65535
lock engine: pthread robust mutexes
thunder lock: disabled (you can enable it with --thunder-lock)
uwsgi socket 0 bound to TCP address 127.0.0.1:8077 fd 3
Python version: 2.7.12 (default, Nov 20 2017, 18:23:56)  [GCC 5.4.0 20160609]
Python main interpreter initialized at 0x219f180
python threads support enabled
your server socket listen backlog is limited to 100 connections
your mercy for graceful operations on workers is 60 seconds
mapped 103648 bytes (101 KB) for 4 cores
*** Operational MODE: threaded ***
WSGI app 0 (mountpoint='') ready in 0 seconds on interpreter 0x219f180 pid: 7380 (default app)
*** uWSGI is running in multiple interpreter mode ***
spawned uWSGI worker 1 (and the only) (pid: 7380, cores: 4)
[pid: 7380|app: 0|req: 1/1] 222.85.133.44 () {44 vars in 784 bytes} [Mon Apr 16 15:31:19 2018] GET / => generated 9480 bytes in 62 msecs (HTTP/1.1 200) 2 headers in 88 bytes (1 switches on core 0)
[pid: 7380|app: 0|req: 2/2] 222.85.133.44 () {42 vars in 753 bytes} [Mon Apr 16 15:34:09 2018] GET / => generated 9480 bytes in 40 msecs (HTTP/1.1 200) 2 headers in 88 bytes (1 switches on core 3)
[pid: 7380|app: 0|req: 3/3] 222.85.133.44 () {44 vars in 806 bytes} [Mon Apr 16 15:34:17 2018] GET /Python => generated 80 bytes in 3 msecs (HTTP/1.1 404) 2 headers in 80 bytes (1 switches on core 2)
[pid: 7380|app: 0|req: 4/4] 222.85.133.44 () {42 vars in 741 bytes} [Mon Apr 16 15:34:17 2018] GET /favicon.ico => generated 85 bytes in 2 msecs (HTTP/1.1 404) 2 headers in 80 bytes (1 switches on core 1)
[pid: 7380|app: 0|req: 5/5] 222.85.133.44 () {44 vars in 824 bytes} [Mon Apr 16 15:34:21 2018] GET /blog_detailed/6 => generated 0 bytes in 1 msecs (HTTP/1.1 301) 2 headers in 103 bytes (1 switches on core 0)
[pid: 7380|app: 0|req: 6/6] 222.85.133.44 () {44 vars in 826 bytes} [Mon Apr 16 15:34:21 2018] GET /blog_detailed/6/ => generated 4780 bytes in 18 msecs (HTTP/1.1 200) 2 headers in 88 bytes (1 switches on core 0)
[pid: 7380|app: 0|req: 7/7] 222.85.133.44 () {44 vars in 806 bytes} [Mon Apr 16 15:34:26 2018] GET /Django => generated 80 bytes in 2 msecs (HTTP/1.1 404) 2 headers in 80 bytes (1 switches on core 2)
[pid: 7380|app: 0|req: 8/8] 222.85.133.44 () {44 vars in 826 bytes} [Mon Apr 16 15:34:44 2018] GET /blog_detailed/6/ => generated 4780 bytes in 9 msecs (HTTP/1.1 200) 2 headers in 88 bytes (1 switches on core 1)
[pid: 7380|app: 0|req: 9/9] 222.85.133.44 () {42 vars in 754 bytes} [Mon Apr 16 15:34:51 2018] GET / => generated 9480 bytes in 42 msecs (HTTP/1.1 200) 2 headers in 88 bytes (1 switches on core 3)
[pid: 7380|app: 0|req: 10/10] 222.85.133.44 () {44 vars in 827 bytes} [Mon Apr 16 15:34:57 2018] GET /blog_detailed/6/ => generated 4780 bytes in 6 msecs (HTTP/1.1 200) 2 headers in 88 bytes (1 switches on core 0)
[pid: 7380|app: 0|req: 11/11] 222.85.133.44 () {44 vars in 827 bytes} [Mon Apr 16 15:35:45 2018] GET /blog_detailed/6/ => generated 4780 bytes in 8 msecs (HTTP/1.1 200) 2 headers in 88 bytes (1 switches on core 2)
[pid: 7380|app: 0|req: 12/12] 222.85.133.44 () {44 vars in 808 bytes} [Mon Apr 16 15:35:51 2018] GET /?page=2 => generated 6084 bytes in 45 msecs (HTTP/1.1 200) 2 headers in 88 bytes (1 switches on core 1)
[pid: 7380|app: 0|req: 13/13] 222.85.133.44 () {44 vars in 815 bytes} [Mon Apr 16 15:35:59 2018] GET /?page=1 => generated 9480 bytes in 43 msecs (HTTP/1.1 200) 2 headers in 88 bytes (1 switches on core 3)
[pid: 7380|app: 0|req: 14/14] 222.85.133.44 () {44 vars in 815 bytes} [Mon Apr 16 15:36:12 2018] GET /?page=2 => generated 6084 bytes in 38 msecs (HTTP/1.1 200) 2 headers in 88 bytes (1 switches on core 0)
[pid: 7380|app: 0|req: 15/15] 222.85.133.44 () {42 vars in 754 bytes} [Mon Apr 16 15:37:47 2018] GET / => generated 9480 bytes in 38 msecs (HTTP/1.1 200) 2 headers in 88 bytes (1 switches on core 2)
[pid: 7380|app: 0|req: 16/16] 222.85.133.44 () {38 vars in 542 bytes} [Mon Apr 16 15:40:35 2018] GET / => generated 9480 bytes in 43 msecs (HTTP/1.1 200) 2 headers in 88 bytes (1 switches on core 1)
[pid: 7380|app: 0|req: 17/17] 222.85.133.44 () {40 vars in 596 bytes} [Mon Apr 16 15:40:40 2018] GET /?page=2 => generated 6084 bytes in 41 msecs (HTTP/1.1 200) 2 headers in 88 bytes (1 switches on core 3)
[pid: 7380|app: 0|req: 18/18] 222.85.133.44 () {38 vars in 652 bytes} [Mon Apr 16 15:48:12 2018] GET /favicon.ico => generated 85 bytes in 2 msecs (HTTP/1.1 404) 2 headers in 80 bytes (1 switches on core 0)
[pid: 7380|app: 0|req: 19/19] 222.85.133.44 () {38 vars in 652 bytes} [Mon Apr 16 15:52:01 2018] GET /favicon.ico => generated 85 bytes in 2 msecs (HTTP/1.1 404) 2 headers in 80 bytes (1 switches on core 2)
[pid: 7380|app: 0|req: 20/20] 222.85.133.44 () {42 vars in 754 bytes} [Mon Apr 16 15:52:02 2018] GET / => generated 9480 bytes in 38 msecs (HTTP/1.1 200) 2 headers in 88 bytes (1 switches on core 1)
[pid: 7380|app: 0|req: 21/21] 120.25.242.242 () {34 vars in 504 bytes} [Mon Apr 16 16:13:26 2018] GET / => generated 9480 bytes in 38 msecs (HTTP/1.1 200) 2 headers in 88 bytes (1 switches on core 3)
[pid: 7380|app: 0|req: 22/22] 171.13.14.147 () {42 vars in 727 bytes} [Mon Apr 16 16:28:32 2018] GET /?page=2 => generated 6084 bytes in 37 msecs (HTTP/1.1 200) 2 headers in 88 bytes (1 switches on core 0)
[pid: 7380|app: 0|req: 23/23] 220.181.132.195 () {40 vars in 673 bytes} [Mon Apr 16 16:28:33 2018] GET /?page=1 => generated 9480 bytes in 38 msecs (HTTP/1.1 200) 2 headers in 88 bytes (1 switches on core 2)
[pid: 7380|app: 0|req: 24/24] 101.199.108.56 () {40 vars in 718 bytes} [Mon Apr 16 16:30:09 2018] GET / => generated 9480 bytes in 41 msecs (HTTP/1.1 200) 2 headers in 88 bytes (1 switches on core 1)
[pid: 7380|app: 0|req: 25/25] 222.85.133.44 () {38 vars in 652 bytes} [Mon Apr 16 16:33:05 2018] GET /favicon.ico => generated 85 bytes in 2 msecs (HTTP/1.1 404) 2 headers in 80 bytes (1 switches on core 3)
[pid: 7380|app: 0|req: 26/26] 101.199.121.77 () {38 vars in 649 bytes} [Mon Apr 16 22:40:07 2018] GET / => generated 9480 bytes in 41 msecs (HTTP/1.1 200) 2 headers in 88 bytes (1 switches on core 0)
[pid: 7380|app: 0|req: 27/27] 121.43.38.11 () {38 vars in 575 bytes} [Tue Apr 17 01:06:42 2018] GET / => generated 9480 bytes in 37 msecs (HTTP/1.1 200) 2 headers in 88 bytes (1 switches on core 2)
[pid: 7380|app: 0|req: 28/28] 106.11.225.83 () {40 vars in 635 bytes} [Tue Apr 17 07:27:08 2018] GET / => generated 9480 bytes in 41 msecs (HTTP/1.1 200) 2 headers in 88 bytes (1 switches on core 1)
[pid: 7380|app: 0|req: 29/29] 222.85.133.44 () {38 vars in 634 bytes} [Tue Apr 17 16:41:46 2018] GET /favicon.ico => generated 85 bytes in 3 msecs (HTTP/1.1 404) 2 headers in 80 bytes (1 switches on core 3)
[pid: 7380|app: 0|req: 30/30] 106.11.227.129 () {40 vars in 636 bytes} [Wed Apr 18 07:11:32 2018] GET / => generated 9480 bytes in 48 msecs (HTTP/1.1 200) 2 headers in 88 bytes (1 switches on core 0)
[pid: 7380|app: 0|req: 31/31] 222.85.133.44 () {38 vars in 634 bytes} [Wed Apr 18 09:34:16 2018] GET /favicon.ico => generated 85 bytes in 3 msecs (HTTP/1.1 404) 2 headers in 80 bytes (1 switches on core 2)
[pid: 7380|app: 0|req: 32/32] 222.85.133.44 () {38 vars in 634 bytes} [Wed Apr 18 09:44:52 2018] GET /favicon.ico => generated 85 bytes in 2 msecs (HTTP/1.1 404) 2 headers in 80 bytes (1 switches on core 1)
[pid: 7380|app: 0|req: 33/33] 222.85.133.44 () {42 vars in 736 bytes} [Wed Apr 18 09:44:54 2018] GET / => generated 9480 bytes in 41 msecs (HTTP/1.1 200) 2 headers in 88 bytes (1 switches on core 3)
